<?xml version="1.0" encoding="UTF-8"?>
<!-- Generated by org.testng.reporters.JUnitReportReporter -->
<testsuite hostname="Smitas-MacBook-Air.local" failures="0" tests="14" name="com.taskB.HurtMePlentyTest" time="62.579" errors="0" timestamp="2023-05-06T16:26:35 IST" skipped="0">
  <testcase classname="com.taskB.HurtMePlentyTest" name="environmentTest" time="8.468"/>
  <system-out/>
  <testcase classname="com.taskB.HurtMePlentyTest" name="homePageTest" time="5.202"/>
  <system-out/>
  <testcase classname="com.taskB.HurtMePlentyTest" name="clickOnSearchResult" time="12.965"/>
  <system-out/>
  <testcase classname="com.taskB.HurtMePlentyTest" name="noOfInstance" time="4.179"/>
  <system-out/>
  <testcase classname="com.taskB.HurtMePlentyTest" name="setSeries" time="4.212"/>
  <system-out/>
  <testcase classname="com.taskB.HurtMePlentyTest" name="setMachineTypes" time="4.195"/>
  <system-out/>
  <testcase classname="com.taskB.HurtMePlentyTest" name="setSustainedUseDiscounts" time="2.095"/>
  <system-out/>
  <testcase classname="com.taskB.HurtMePlentyTest" name="setAddGPUs" time="2.101"/>
  <system-out/>
  <testcase classname="com.taskB.HurtMePlentyTest" name="setGpuType" time="4.194"/>
  <system-out/>
  <testcase classname="com.taskB.HurtMePlentyTest" name="setNoOfGPUs" time="4.190"/>
  <system-out/>
  <testcase classname="com.taskB.HurtMePlentyTest" name="setLocalSSD" time="4.172"/>
  <system-out/>
  <testcase classname="com.taskB.HurtMePlentyTest" name="setCommittedUsage" time="4.194"/>
  <system-out/>
  <testcase classname="com.taskB.HurtMePlentyTest" name="setAddToEstimate" time="2.175"/>
  <system-out/>
  <testcase classname="com.taskB.HurtMePlentyTest" name="closeDriver" time="0.237"/>
  <system-out/>
</testsuite> <!-- com.taskB.HurtMePlentyTest -->
