<?xml version="1.0" encoding="UTF-8"?>
<!-- Generated by org.testng.reporters.JUnitReportReporter -->
<testsuite hostname="Smitas-MacBook-Air.local" failures="0" tests="14" name="com.taskB.HurtMePlentyTest" time="60.753" errors="0" timestamp="2023-05-06T16:50:20 IST" skipped="0">
  <testcase classname="com.taskB.HurtMePlentyTest" name="environmentTest" time="7.573"/>
  <system-out/>
  <testcase classname="com.taskB.HurtMePlentyTest" name="homePageTest" time="5.189"/>
  <system-out/>
  <testcase classname="com.taskB.HurtMePlentyTest" name="clickOnSearchResult" time="12.230"/>
  <system-out/>
  <testcase classname="com.taskB.HurtMePlentyTest" name="noOfInstance" time="4.141"/>
  <system-out/>
  <testcase classname="com.taskB.HurtMePlentyTest" name="setSeries" time="4.190"/>
  <system-out/>
  <testcase classname="com.taskB.HurtMePlentyTest" name="setMachineTypes" time="4.172"/>
  <system-out/>
  <testcase classname="com.taskB.HurtMePlentyTest" name="setSustainedUseDiscounts" time="2.089"/>
  <system-out/>
  <testcase classname="com.taskB.HurtMePlentyTest" name="setAddGPUs" time="2.091"/>
  <system-out/>
  <testcase classname="com.taskB.HurtMePlentyTest" name="setGpuType" time="4.173"/>
  <system-out/>
  <testcase classname="com.taskB.HurtMePlentyTest" name="setNoOfGPUs" time="4.171"/>
  <system-out/>
  <testcase classname="com.taskB.HurtMePlentyTest" name="setLocalSSD" time="4.173"/>
  <system-out/>
  <testcase classname="com.taskB.HurtMePlentyTest" name="setCommittedUsage" time="4.169"/>
  <system-out/>
  <testcase classname="com.taskB.HurtMePlentyTest" name="setAddToEstimate" time="2.155"/>
  <system-out/>
  <testcase classname="com.taskB.HurtMePlentyTest" name="closeDriver" time="0.237"/>
  <system-out/>
</testsuite> <!-- com.taskB.HurtMePlentyTest -->
